Using pre-set license

 COMMAND LINE ARGUMENTS:
/Volumes/Matthieu/Files/Applications/2021.1.10f1/Unity.app/Contents/MacOS/Unity
-adb2
-batchMode
-noUpm
-name
AssetImportWorker0
-projectPath
/Volumes/Matthieu/Files/Documents/Programming/Unity/Bob and Bob/Comando Bobs
-logFile
Logs/AssetImportWorker0.log
-srvPort
49362
Successfully changed project path to: /Volumes/Matthieu/Files/Documents/Programming/Unity/Bob and Bob/Comando Bobs
/Volumes/Matthieu/Files/Documents/Programming/Unity/Bob and Bob/Comando Bobs
Using Asset Import Pipeline V2.
Refreshing native plugins compatible for Editor in 430.09 ms, found 2 plugins.
Preloading 0 native plugins for Editor in 0.00 ms.
Initialize engine version: 2021.1.10f1 (b15f561b2cef)
[Subsystems] Discovering subsystems at path /Volumes/Matthieu/Files/Applications/2021.1.10f1/Unity.app/Contents/Resources/UnitySubsystems
[Subsystems] Discovering subsystems at path /Volumes/Matthieu/Files/Documents/Programming/Unity/Bob and Bob/Comando Bobs/Assets
GfxDevice: creating device client; threaded=0; jobified=0
2022-12-11 19:39:50.727 Unity[67115:1904499] C32R50x preferred device: Intel(R) Iris(TM) Graphics 6000 (low power)
2022-12-11 19:39:50.727 Unity[67115:1904499] Metal devices available: 1
2022-12-11 19:39:50.727 Unity[67115:1904499] 0: Intel(R) Iris(TM) Graphics 6000 (low power)
2022-12-11 19:39:50.729 Unity[67115:1904499] Using device Intel(R) Iris(TM) Graphics 6000 (low power)
Initializing Metal device caps: Intel(R) Iris(TM) Graphics 6000
Initialize mono
Mono path[0] = '/Volumes/Matthieu/Files/Applications/2021.1.10f1/Unity.app/Contents/Managed'
Mono path[1] = '/Volumes/Matthieu/Files/Applications/2021.1.10f1/Unity.app/Contents/MonoBleedingEdge/lib/mono/unityjit'
Mono config path = '/Volumes/Matthieu/Files/Applications/2021.1.10f1/Unity.app/Contents/MonoBleedingEdge/etc'
Using monoOptions --debugger-agent=transport=dt_socket,embedding=1,server=y,suspend=n,address=127.0.0.1:56115
Begin MonoManager ReloadAssembly
Registering precompiled unity dll's ...
Register platform support module: /Volumes/Matthieu/Files/Applications/2021.1.10f1/PlaybackEngines/WebGLSupport/UnityEditor.WebGL.Extensions.dll
Register platform support module: /Volumes/Matthieu/Files/Applications/2021.1.10f1/Unity.app/Contents/PlaybackEngines/MacStandaloneSupport/UnityEditor.OSXStandalone.Extensions.dll
Registered in 0.198599 seconds.
Native extension for OSXStandalone target not found
Native extension for WebGL target not found
Refreshing native plugins compatible for Editor in 60.48 ms, found 2 plugins.
Preloading 0 native plugins for Editor in 0.00 ms.
Mono: successfully reloaded assembly
- Completed reload, in 20.565 seconds
Domain Reload Profiling:
	ReloadAssembly (20565ms)
		BeginReloadAssembly (70ms)
			ExecutionOrderSort (0ms)
			DisableScriptedObjects (0ms)
			BackupInstance (0ms)
			ReleaseScriptingObjects (0ms)
			CreateAndSetChildDomain (2ms)
		EndReloadAssembly (1056ms)
			LoadAssemblies (139ms)
			RebuildTransferFunctionScriptingTraits (0ms)
			SetupTypeCache (493ms)
			ReleaseScriptCaches (0ms)
			RebuildScriptCaches (57ms)
			SetupLoadedEditorAssemblies (355ms)
				LogAssemblyErrors (0ms)
				InitializePlatformSupportModulesInManaged (12ms)
				SetLoadedEditorAssemblies (0ms)
				RefreshPlugins (61ms)
				BeforeProcessingInitializeOnLoad (2ms)
				ProcessInitializeOnLoadAttributes (189ms)
				ProcessInitializeOnLoadMethodAttributes (91ms)
				AfterProcessingInitializeOnLoad (0ms)
				EditorAssembliesLoaded (0ms)
			ExecutionOrderSort2 (0ms)
			AwakeInstancesAfterBackupRestoration (0ms)
Platform modules already initialized, skipping
Registering precompiled user dll's ...
Registered in 1.071760 seconds.
